<?xml version="1.0" encoding="utf-8"?><testsuites name="pytest tests"><testsuite name="pytest" errors="0" failures="0" skipped="0" tests="11" time="5.817" timestamp="2026-05-03T18:40:33.727261+00:00" hostname="agent-env-ac15dc91-0fb7-42d1-8dcf-486970161e90"><testcase classname="backend.tests.test_landit_pro" name="test_root" time="0.121" /><testcase classname="backend.tests.test_landit_pro" name="test_analyze_too_short" time="0.047" /><testcase classname="backend.tests.test_landit_pro" name="test_checkout_unknown_package" time="0.046" /><testcase classname="backend.tests.test_landit_pro" name="test_checkout_invalid_origin" time="0.046" /><testcase classname="backend.tests.test_landit_pro" name="test_checkout_empty_device_id" time="0.045" /><testcase classname="backend.tests.test_landit_pro" name="test_checkout_too_long_device_id" time="0.048" /><testcase classname="backend.tests.test_landit_pro" name="test_checkout_success_returns_stripe_url" time="0.542" /><testcase classname="backend.tests.test_landit_pro" name="test_checkout_status_unknown_session" time="0.051" /><testcase classname="backend.tests.test_landit_pro" name="test_checkout_status_existing_session" time="4.702" /><testcase classname="backend.tests.test_landit_pro" name="test_webhook_route_exists" time="0.044" /><testcase classname="backend.tests.test_landit_pro" name="test_pro_status_unknown_device" time="0.052" /></testsuite></testsuites>