<?xml version="1.0" encoding="utf-8"?><testsuites name="pytest tests"><testsuite name="pytest" errors="0" failures="1" skipped="0" tests="11" time="1.572" timestamp="2026-05-03T18:33:14.030305+00:00" hostname="agent-env-ac15dc91-0fb7-42d1-8dcf-486970161e90"><testcase classname="backend.tests.test_landit_pro" name="test_root" time="0.127" /><testcase classname="backend.tests.test_landit_pro" name="test_analyze_too_short" time="0.052" /><testcase classname="backend.tests.test_landit_pro" name="test_checkout_unknown_package" time="0.045" /><testcase classname="backend.tests.test_landit_pro" name="test_checkout_invalid_origin" time="0.044" /><testcase classname="backend.tests.test_landit_pro" name="test_checkout_empty_device_id" time="0.218" /><testcase classname="backend.tests.test_landit_pro" name="test_checkout_too_long_device_id" time="0.045" /><testcase classname="backend.tests.test_landit_pro" name="test_checkout_success_returns_stripe_url" time="0.536" /><testcase classname="backend.tests.test_landit_pro" name="test_checkout_status_unknown_session" time="0.054" /><testcase classname="backend.tests.test_landit_pro" name="test_checkout_status_existing_session" time="0.265"><failure message="AssertionError: {&quot;detail&quot;:&quot;Stripe error: Unexpected error retrieving session status: 1 validation error for CheckoutStatusResponse\nmetadata\n  Input should be a valid dictionary [type=dict_type, input_value=&lt;StripeObject at 0xf9c104...ud/api/webhook/stripe\&quot;\n}, input_type=StripeObject]\n    For further information visit https://errors.pydantic.dev/2.12/v/dict_type&quot;}&#10;assert 502 == 200&#10; +  where 502 = &lt;Response [502]&gt;.status_code">backend/tests/test_landit_pro.py:98: in test_checkout_status_existing_session
    assert r.status_code == 200, r.text
E   AssertionError: {"detail":"Stripe error: Unexpected error retrieving session status: 1 validation error for CheckoutStatusResponse\nmetadata\n  Input should be a valid dictionary [type=dict_type, input_value=&lt;StripeObject at 0xf9c104...ud/api/webhook/stripe\"\n}, input_type=StripeObject]\n    For further information visit https://errors.pydantic.dev/2.12/v/dict_type"}
E   assert 502 == 200
E    +  where 502 = &lt;Response [502]&gt;.status_code</failure></testcase><testcase classname="backend.tests.test_landit_pro" name="test_webhook_route_exists" time="0.046" /><testcase classname="backend.tests.test_landit_pro" name="test_pro_status_unknown_device" time="0.050" /></testsuite></testsuites>